# JRE version: OpenJDK Runtime Environment (11.0.7+10) (build 11.0.7+10)
# Java VM: OpenJDK 64-Bit Server VM (11.0.7+10, mixed mode, tiered, compressed oops, g1 gc, windows-amd64)
Heap:
 garbage-first heap   total 262144K, used 167128K [0x00000000e0000000, 0x0000000100000000)
  region size 1024K, 67 young (68608K), 10 survivors (10240K)
 Metaspace       used 80020K, capacity 83047K, committed 85632K, reserved 329728K
  class space    used 9356K, capacity 10575K, committed 11648K, reserved 253952K
GC Heap History (20 events):
Event: 3418.695 GC heap before
{Heap before GC invocations=74 (full 0):
 garbage-first heap   total 262144K, used 211717K [0x00000000e0000000, 0x0000000100000000)
  region size 1024K, 113 young (115712K), 16 survivors (16384K)
 Metaspace       used 79877K, capacity 83128K, committed 85632K, reserved 329728K
  class space    used 9382K, capacity 10644K, committed 11648K, reserved 253952K
}
Event: 3418.701 GC heap after
{Heap after GC invocations=75 (full 0):
 garbage-first heap   total 262144K, used 112481K [0x00000000e0000000, 0x0000000100000000)
  region size 1024K, 7 young (7168K), 7 survivors (7168K)
 Metaspace       used 79877K, capacity 83128K, committed 85632K, reserved 329728K
  class space    used 9382K, capacity 10644K, committed 11648K, reserved 253952K
}
Event: 3419.014 GC heap before
{Heap before GC invocations=75 (full 0):
 garbage-first heap   total 262144K, used 211809K [0x00000000e0000000, 0x0000000100000000)
  region size 1024K, 104 young (106496K), 7 survivors (7168K)
 Metaspace       used 79924K, capacity 83164K, committed 85632K, reserved 329728K
  class space    used 9388K, capacity 10678K, committed 11648K, reserved 253952K
}
Event: 3419.019 GC heap after
{Heap after GC invocations=76 (full 0):
 garbage-first heap   total 262144K, used 114326K [0x00000000e0000000, 0x0000000100000000)
  region size 1024K, 8 young (8192K), 8 survivors (8192K)
 Metaspace       used 79924K, capacity 83164K, committed 85632K, reserved 329728K
  class space    used 9388K, capacity 10678K, committed 11648K, reserved 253952K
}
Event: 3419.861 GC heap before
{Heap before GC invocations=76 (full 0):
 garbage-first heap   total 262144K, used 214678K [0x00000000e0000000, 0x0000000100000000)
  region size 1024K, 106 young (108544K), 8 survivors (8192K)
 Metaspace       used 79939K, capacity 83165K, committed 85632K, reserved 329728K
  class space    used 9388K, capacity 10678K, committed 11648K, reserved 253952K
}
Event: 3419.871 GC heap after
{Heap after GC invocations=77 (full 0):
 garbage-first heap   total 262144K, used 126377K [0x00000000e0000000, 0x0000000100000000)
  region size 1024K, 14 young (14336K), 14 survivors (14336K)
 Metaspace       used 79939K, capacity 83165K, committed 85632K, reserved 329728K
  class space    used 9388K, capacity 10678K, committed 11648K, reserved 253952K
}
Event: 3530.792 GC heap before
{Heap before GC invocations=77 (full 0):
 garbage-first heap   total 262144K, used 210345K [0x00000000e0000000, 0x0000000100000000)
  region size 1024K, 97 young (99328K), 14 survivors (14336K)
 Metaspace       used 80103K, capacity 83379K, committed 85632K, reserved 329728K
  class space    used 9404K, capacity 10724K, committed 11648K, reserved 253952K
}
Event: 3530.797 GC heap after
{Heap after GC invocations=78 (full 0):
 garbage-first heap   total 262144K, used 124438K [0x00000000e0000000, 0x0000000100000000)
  region size 1024K, 6 young (6144K), 6 survivors (6144K)
 Metaspace       used 80103K, capacity 83379K, committed 85632K, reserved 329728K
  class space    used 9404K, capacity 10724K, committed 11648K, reserved 253952K
}
Event: 3531.106 GC heap before
{Heap before GC invocations=78 (full 0):
 garbage-first heap   total 262144K, used 210454K [0x00000000e0000000, 0x0000000100000000)
  region size 1024K, 90 young (92160K), 6 survivors (6144K)
 Metaspace       used 80145K, capacity 83479K, committed 85632K, reserved 329728K
  class space    used 9410K, capacity 10758K, committed 11648K, reserved 253952K
}
Event: 3531.116 GC heap after
{Heap after GC invocations=79 (full 0):
 garbage-first heap   total 262144K, used 126138K [0x00000000e0000000, 0x0000000100000000)
  region size 1024K, 8 young (8192K), 8 survivors (8192K)
 Metaspace       used 80145K, capacity 83479K, committed 85632K, reserved 329728K
  class space    used 9410K, capacity 10758K, committed 11648K, reserved 253952K
}
Event: 3531.357 GC heap before
{Heap before GC invocations=80 (full 0):
 garbage-first heap   total 262144K, used 199866K [0x00000000e0000000, 0x0000000100000000)
  region size 1024K, 93 young (95232K), 8 survivors (8192K)
 Metaspace       used 79637K, capacity 82465K, committed 85632K, reserved 329728K
  class space    used 9319K, capacity 10449K, committed 11648K, reserved 253952K
}
Event: 3531.363 GC heap after
{Heap after GC invocations=81 (full 0):
 garbage-first heap   total 262144K, used 115569K [0x00000000e0000000, 0x0000000100000000)
  region size 1024K, 6 young (6144K), 6 survivors (6144K)
 Metaspace       used 79637K, capacity 82465K, committed 85632K, reserved 329728K
  class space    used 9319K, capacity 10449K, committed 11648K, reserved 253952K
}
Event: 3531.431 GC heap before
{Heap before GC invocations=81 (full 0):
 garbage-first heap   total 262144K, used 120689K [0x00000000e0000000, 0x0000000100000000)
  region size 1024K, 12 young (12288K), 6 survivors (6144K)
 Metaspace       used 79637K, capacity 82465K, committed 85632K, reserved 329728K
  class space    used 9319K, capacity 10449K, committed 11648K, reserved 253952K
}
Event: 3531.437 GC heap after
{Heap after GC invocations=82 (full 0):
 garbage-first heap   total 262144K, used 93282K [0x00000000e0000000, 0x0000000100000000)
  region size 1024K, 2 young (2048K), 2 survivors (2048K)
 Metaspace       used 79637K, capacity 82465K, committed 85632K, reserved 329728K
  class space    used 9319K, capacity 10449K, committed 11648K, reserved 253952K
}
Event: 3979.799 GC heap before
{Heap before GC invocations=82 (full 0):
 garbage-first heap   total 262144K, used 197730K [0x00000000e0000000, 0x0000000100000000)
  region size 1024K, 105 young (107520K), 2 survivors (2048K)
 Metaspace       used 79804K, capacity 82671K, committed 85632K, reserved 329728K
  class space    used 9334K, capacity 10495K, committed 11648K, reserved 253952K
}
Event: 3979.805 GC heap after
{Heap after GC invocations=83 (full 0):
 garbage-first heap   total 262144K, used 101958K [0x00000000e0000000, 0x0000000100000000)
  region size 1024K, 11 young (11264K), 11 survivors (11264K)
 Metaspace       used 79804K, capacity 82671K, committed 85632K, reserved 329728K
  class space    used 9334K, capacity 10495K, committed 11648K, reserved 253952K
}
Event: 3980.142 GC heap before
{Heap before GC invocations=83 (full 0):
 garbage-first heap   total 262144K, used 202310K [0x00000000e0000000, 0x0000000100000000)
  region size 1024K, 110 young (112640K), 11 survivors (11264K)
 Metaspace       used 79841K, capacity 82706K, committed 85632K, reserved 329728K
  class space    used 9341K, capacity 10529K, committed 11648K, reserved 253952K
}
Event: 3980.149 GC heap after
{Heap after GC invocations=84 (full 0):
 garbage-first heap   total 262144K, used 102432K [0x00000000e0000000, 0x0000000100000000)
  region size 1024K, 3 young (3072K), 3 survivors (3072K)
 Metaspace       used 79841K, capacity 82706K, committed 85632K, reserved 329728K
  class space    used 9341K, capacity 10529K, committed 11648K, reserved 253952K
}
Event: 3980.607 GC heap before
{Heap before GC invocations=84 (full 0):
 garbage-first heap   total 262144K, used 206880K [0x00000000e0000000, 0x0000000100000000)
  region size 1024K, 104 young (106496K), 3 survivors (3072K)
 Metaspace       used 79855K, capacity 82706K, committed 85632K, reserved 329728K
  class space    used 9341K, capacity 10529K, committed 11648K, reserved 253952K
}
Event: 3980.611 GC heap after
{Heap after GC invocations=85 (full 0):
 garbage-first heap   total 262144K, used 109784K [0x00000000e0000000, 0x0000000100000000)
  region size 1024K, 10 young (10240K), 10 survivors (10240K)
 Metaspace       used 79855K, capacity 82706K, committed 85632K, reserved 329728K
  class space    used 9341K, capacity 10529K, committed 11648K, reserved 253952K
}

